<?xml version="1.0" encoding="UTF-8"?>
<testsuite name="CellTest" tests="11" skipped="0" failures="0" errors="0" timestamp="2022-06-16T05:37:22" hostname="Adams-MacBook-Pro.local" time="0.065">
  <properties/>
  <testcase name="setPossibleValues()" classname="CellTest" time="0.013"/>
  <testcase name="getColumnIndex()" classname="CellTest" time="0.0"/>
  <testcase name="getCurrentValue()" classname="CellTest" time="0.0"/>
  <testcase name="getPossibleValues()" classname="CellTest" time="0.0"/>
  <testcase name="setCurrentValue()" classname="CellTest" time="0.0"/>
  <testcase name="deepCopy()" classname="CellTest" time="0.046"/>
  <testcase name="isEditable()" classname="CellTest" time="0.001"/>
  <testcase name="getBlockIndex()" classname="CellTest" time="0.0"/>
  <testcase name="setValue()" classname="CellTest" time="0.0"/>
  <testcase name="getValue()" classname="CellTest" time="0.001"/>
  <testcase name="getRowIndex()" classname="CellTest" time="0.0"/>
  <system-out><![CDATA[]]></system-out>
  <system-err><![CDATA[]]></system-err>
</testsuite>
