<?xml version="1.0" encoding="UTF-8"?>
<testsuite name="PuzzleTest" tests="13" skipped="0" failures="0" errors="0" timestamp="2022-06-16T05:37:22" hostname="Adams-MacBook-Pro.local" time="0.018">
  <properties/>
  <testcase name="getPossibleValues()" classname="PuzzleTest" time="0.0"/>
  <testcase name="printPuzzle()" classname="PuzzleTest" time="0.001"/>
  <testcase name="setColumns()" classname="PuzzleTest" time="0.0"/>
  <testcase name="isSolved()" classname="PuzzleTest" time="0.0"/>
  <testcase name="getRows()" classname="PuzzleTest" time="0.0"/>
  <testcase name="getN()" classname="PuzzleTest" time="0.0"/>
  <testcase name="setBlocks()" classname="PuzzleTest" time="0.0"/>
  <testcase name="getBlocks()" classname="PuzzleTest" time="0.001"/>
  <testcase name="getPuzzleString()" classname="PuzzleTest" time="0.0"/>
  <testcase name="deepCopy()" classname="PuzzleTest" time="0.008"/>
  <testcase name="getCells()" classname="PuzzleTest" time="0.0"/>
  <testcase name="setRows()" classname="PuzzleTest" time="0.0"/>
  <testcase name="getColumns()" classname="PuzzleTest" time="0.0"/>
  <system-out><![CDATA[2 - 3 1 
1 3 - 4 
3 1 4 - 
- 2 1 3 

-----------------------------------------------------
]]></system-out>
  <system-err><![CDATA[]]></system-err>
</testsuite>
